<?xml version="1.0" encoding="UTF-8"?>
<testng-results skipped="0" failed="0" ignored="0" total="2" passed="2">
  <reporter-output>
  </reporter-output>
  <suite name="Default suite" duration-ms="4989" started-at="2020-03-06T20:27:52 EST" finished-at="2020-03-06T20:27:57 EST">
    <groups>
    </groups>
    <test name="Default test" duration-ms="4989" started-at="2020-03-06T20:27:52 EST" finished-at="2020-03-06T20:27:57 EST">
      <class name="allTests.HomepageTest">
        <test-method status="PASS" signature="HomereferenceValidation()[pri:0, instance:allTests.HomepageTest@c46bcd4]" name="HomereferenceValidation" duration-ms="3952" started-at="2020-03-06T20:27:52 EST" finished-at="2020-03-06T20:27:56 EST">
          <reporter-output>
          </reporter-output>
        </test-method> <!-- HomereferenceValidation -->
        <test-method status="PASS" signature="validateTitle3()[pri:0, instance:allTests.HomepageTest@c46bcd4]" name="validateTitle3" duration-ms="870" started-at="2020-03-06T20:27:56 EST" finished-at="2020-03-06T20:27:57 EST">
          <reporter-output>
          </reporter-output>
        </test-method> <!-- validateTitle3 -->
        <test-method status="PASS" signature="teardown()[pri:0, instance:allTests.HomepageTest@c46bcd4]" name="teardown" is-config="true" duration-ms="139" started-at="2020-03-06T20:27:57 EST" finished-at="2020-03-06T20:27:57 EST">
          <reporter-output>
          </reporter-output>
        </test-method> <!-- teardown -->
      </class> <!-- allTests.HomepageTest -->
    </test> <!-- Default test -->
  </suite> <!-- Default suite -->
</testng-results>
